<?xml version="1.0" encoding="UTF-8"?>
<!-- Generated by org.testng.reporters.JUnitReportReporter -->
<testsuite hostname="GNikolova" name="com.skrill.interns.tests.StatisticsTest" tests="17" failures="0" timestamp="29 Nov 2013 13:38:20 GMT" time="0.270" errors="0">
  <testcase name="dominantSex_when_men_are_more" time="0.000" classname="com.skrill.interns.tests.StatisticsTest"/>
  <testcase name="populationDensity_divide_by_zero" time="0.004" classname="com.skrill.interns.tests.StatisticsTest"/>
  <testcase name="dominantSex_when_women_are_more" time="0.001" classname="com.skrill.interns.tests.StatisticsTest"/>
  <testcase name="populationDensity_invokes_getArea" time="0.002" classname="com.skrill.interns.tests.StatisticsTest"/>
  <testcase name="averageTest_when_result_is_35" time="0.002" classname="com.skrill.interns.tests.StatisticsTest"/>
  <testcase name="oldestTown_methods_are_invoked" time="0.020" classname="com.skrill.interns.tests.StatisticsTest"/>
  <testcase name="averageAge_when_town_is_null" time="0.000" classname="com.skrill.interns.tests.StatisticsTest"/>
  <testcase name="dominantSexy_when_town_is_null" time="0.000" classname="com.skrill.interns.tests.StatisticsTest"/>
  <testcase name="oldestTown_when_country_is_null" time="0.001" classname="com.skrill.interns.tests.StatisticsTest"/>
  <testcase name="populationDensity_invokes_getCountPopulation" time="0.001" classname="com.skrill.interns.tests.StatisticsTest"/>
  <testcase name="averageAge_invokes_getCountPopAge" time="0.048" classname="com.skrill.interns.tests.StatisticsTest"/>
  <testcase name="populationDensity_is_town_is_null" time="0.001" classname="com.skrill.interns.tests.StatisticsTest"/>
  <testcase name="averageAge_when_getCountPopulation_is_zero" time="0.004" classname="com.skrill.interns.tests.StatisticsTest"/>
  <testcase name="dominantSex_invokes_getCountMen" time="0.001" classname="com.skrill.interns.tests.StatisticsTest"/>
  <testcase name="dominantSex_invokes_getCountWomen" time="0.182" classname="com.skrill.interns.tests.StatisticsTest"/>
  <testcase name="averageAge_invokes_getCountPopulation" time="0.002" classname="com.skrill.interns.tests.StatisticsTest"/>
  <testcase name="populationDensity_when_result_is_2" time="0.001" classname="com.skrill.interns.tests.StatisticsTest"/>
</testsuite> <!-- com.skrill.interns.tests.StatisticsTest -->
