<?xml version="1.0" encoding="UTF-8"?>
<!-- Generated by org.testng.reporters.JUnitReportReporter -->
<testsuite hostname="GNikolova" name="com.skrill.interns.tests.TownTest" tests="7" failures="0" timestamp="29 Nov 2013 13:38:20 GMT" time="0.037" errors="0">
  <testcase name="addPerson_invokes_getAge" time="0.013" classname="com.skrill.interns.tests.TownTest"/>
  <testcase name="addPerson_countAge_when_person_is_added" time="0.001" classname="com.skrill.interns.tests.TownTest"/>
  <testcase name="addPerson_add_never_invoked" time="0.014" classname="com.skrill.interns.tests.TownTest"/>
  <testcase name="addPerson_invokes_getSex" time="0.000" classname="com.skrill.interns.tests.TownTest"/>
  <testcase name="addPerson_countWomen_increases" time="0.000" classname="com.skrill.interns.tests.TownTest"/>
  <testcase name="addPerson_countMen_increases" time="0.008" classname="com.skrill.interns.tests.TownTest"/>
  <testcase name="addPerson_adds_person" time="0.001" classname="com.skrill.interns.tests.TownTest"/>
</testsuite> <!-- com.skrill.interns.tests.TownTest -->
