<?xml version="1.0" encoding="UTF-8"?>
<!-- Generated by org.testng.reporters.JUnitReportReporter -->
<testsuite hostname="Gergana-PC" name="com.skrill.interns.tests.CountryTest" tests="1" failures="0" timestamp="1 Dec 2013 15:33:17 GMT" time="0.024" errors="0">
  <testcase name="totalArea_when_no_towns" time="0.024" classname="com.skrill.interns.tests.CountryTest"/>
</testsuite> <!-- com.skrill.interns.tests.CountryTest -->
