<?xml version="1.0" encoding="UTF-8"?>
<!-- Generated by org.testng.reporters.JUnitReportReporter -->
<testsuite hostname="Gergana-PC" name="com.skrill.interns.tests.StatisticsTest" tests="1" failures="0" timestamp="1 Dec 2013 15:47:18 GMT" time="0.202" errors="0">
  <testcase name="marriedcouples_when_country_null" time="0.202" classname="com.skrill.interns.tests.StatisticsTest"/>
</testsuite> <!-- com.skrill.interns.tests.StatisticsTest -->
