<?xml version="1.0" encoding="UTF-8"?>
<!-- Generated by org.testng.reporters.JUnitReportReporter -->
<testsuite hostname="GNikolova" name="com.skrill.interns.tests.CountryTest" tests="2" failures="0" timestamp="29 Nov 2013 13:38:20 GMT" time="0.001" errors="0">
  <testcase name="addTown_when_town_is_added" time="0.000" classname="com.skrill.interns.tests.CountryTest"/>
  <testcase name="addTown_when_town_is_null" time="0.001" classname="com.skrill.interns.tests.CountryTest"/>
</testsuite> <!-- com.skrill.interns.tests.CountryTest -->
