<?xml version="1.0" encoding="UTF-8"?>
<!-- Generated by org.testng.reporters.JUnitReportReporter -->
<testsuite hostname="GNikolova" name="com.skrill.interns.MyAccountUnitTest" tests="2" failures="0" timestamp="5 Dec 2013 08:47:14 GMT" time="16.035" errors="0">
  <testcase name="when_registration_is_successful" time="16.029" classname="com.skrill.interns.MyAccountUnitTest"/>
  <testcase name="when_registration_fails" time="0.006" classname="com.skrill.interns.MyAccountUnitTest"/>
</testsuite> <!-- com.skrill.interns.MyAccountUnitTest -->
