<?xml version="1.0" encoding="UTF-8"?>
<!-- Generated by org.testng.reporters.JUnitReportReporter -->
<testsuite hostname="GNikolova" name="com.skrill.interns.airplaneHorns.MachineBTest" tests="7" failures="0" timestamp="16 Dec 2013 12:57:01 GMT" time="22.151" errors="0">
  <testcase name="when_check_is_false" time="0.001" classname="com.skrill.interns.airplaneHorns.MachineBTest"/>
  <testcase name="when_check_is_true" time="0.001" classname="com.skrill.interns.airplaneHorns.MachineBTest"/>
  <testcase name="when_machineB_loads_only_partD" time="0.007" classname="com.skrill.interns.airplaneHorns.MachineBTest"/>
  <testcase name="when_machine_is_unloaded" time="0.000" classname="com.skrill.interns.airplaneHorns.MachineBTest"/>
  <testcase name="when_machineB_is_loaded" time="0.001" classname="com.skrill.interns.airplaneHorns.MachineBTest"/>
  <testcase name="when_produce_produces_5" time="11.069" classname="com.skrill.interns.airplaneHorns.MachineBTest"/>
  <testcase name="when_produce_do_not_produce" time="11.072" classname="com.skrill.interns.airplaneHorns.MachineBTest"/>
</testsuite> <!-- com.skrill.interns.airplaneHorns.MachineBTest -->
