<?xml version="1.0" encoding="UTF-8"?>
<!-- Generated by org.testng.reporters.JUnitReportReporter -->
<testsuite hostname="GNikolova" name="com.skrill.interns.airplaneHorns.DeliveryTest" tests="4" failures="0" timestamp="17 Dec 2013 15:28:53 GMT" time="0.150" errors="0">
  <testcase name="when_deliverB_make_delivery_then_partsB_in_the_station_increased" time="0.002" classname="com.skrill.interns.airplaneHorns.DeliveryTest"/>
  <testcase name="when_deliverA_make_delivery_then_partsA_in_the_station_increased" time="0.035" classname="com.skrill.interns.airplaneHorns.DeliveryTest"/>
  <testcase name="when_create_Deliver_instance_with_null_arguments_throws_IllegalArgumentException" time="0.005" classname="com.skrill.interns.airplaneHorns.DeliveryTest"/>
  <testcase name="when_deliverC_make_delivery_then_partsC_in_the_station_increased" time="0.108" classname="com.skrill.interns.airplaneHorns.DeliveryTest"/>
</testsuite> <!-- com.skrill.interns.airplaneHorns.DeliveryTest -->
