<?xml version="1.0" encoding="UTF-8"?>
<!-- Generated by org.testng.reporters.JUnitReportReporter -->
<testsuite hostname="GNikolova" name="com.skrill.interns.airplaneHorns.MachineATest" tests="7" failures="0" timestamp="16 Dec 2013 12:57:01 GMT" time="14.038" errors="0">
  <testcase name="when_machine_is_unloaded" time="0.002" classname="com.skrill.interns.airplaneHorns.MachineATest"/>
  <testcase name="when_produce_do_not_produce" time="7.014" classname="com.skrill.interns.airplaneHorns.MachineATest"/>
  <testcase name="when_machine_is_loaded" time="0.002" classname="com.skrill.interns.airplaneHorns.MachineATest"/>
  <testcase name="when_produce_produces_8" time="7.015" classname="com.skrill.interns.airplaneHorns.MachineATest"/>
  <testcase name="when_check_is_true" time="0.001" classname="com.skrill.interns.airplaneHorns.MachineATest"/>
  <testcase name="when_machine_loads_only_partA" time="0.002" classname="com.skrill.interns.airplaneHorns.MachineATest"/>
  <testcase name="when_check_is_false" time="0.002" classname="com.skrill.interns.airplaneHorns.MachineATest"/>
</testsuite> <!-- com.skrill.interns.airplaneHorns.MachineATest -->
