<?xml version="1.0" encoding="UTF-8"?>
<!-- Generated by org.testng.reporters.JUnitReportReporter -->
<testsuite hostname="GNikolova" name="com.skrill.interns.MachineBTest" tests="4" failures="0" timestamp="16 Dec 2013 10:15:26 GMT" time="22.045" errors="0">
  <testcase name="when_produce_do_not_produce" time="11.039" classname="com.skrill.interns.MachineBTest"/>
  <testcase name="when_produce_produces_5" time="11.001" classname="com.skrill.interns.MachineBTest"/>
  <testcase name="when_check_is_false" time="0.005" classname="com.skrill.interns.MachineBTest"/>
  <testcase name="when_check_is_true" time="0.000" classname="com.skrill.interns.MachineBTest"/>
</testsuite> <!-- com.skrill.interns.MachineBTest -->
